<?xml version="1.0" encoding="UTF-8"?>
<!-- Generated by org.testng.reporters.JUnitXMLReporter -->
<testsuite ignored="0" hostname="premji" failures="0" tests="4" name="Default test" time="214.938" errors="0" timestamp="10 Nov 2022 09:09:11 GMT">
  <testcase classname="com.ng.stepdef.TestNg" name="test1" time="101.271"/>
  <testcase classname="com.ng.stepdef.TestNg" name="test2" time="8.582"/>
  <testcase classname="com.ng.stepdef.TestNg" name="test3" time="9.463"/>
  <testcase classname="com.ng.stepdef.TestNg" name="test4" time="95.508"/>
</testsuite> <!-- Default test -->
