<?xml version="1.0" encoding="UTF-8"?>
<testng-results ignored="0" total="4" passed="4" failed="0" skipped="0">
  <reporter-output>
  </reporter-output>
  <suite started-at="2022-11-10T09:05:36Z" name="Default suite" finished-at="2022-11-10T09:09:11Z" duration-ms="214938">
    <groups>
    </groups>
    <test started-at="2022-11-10T09:05:36Z" name="Default test" finished-at="2022-11-10T09:09:11Z" duration-ms="214938">
      <class name="com.ng.stepdef.TestNg">
        <test-method is-config="true" signature="beforeclass()[pri:0, instance:com.ng.stepdef.TestNg@600b90df]" started-at="2022-11-10T09:05:36Z" name="beforeclass" finished-at="2022-11-10T09:05:36Z" duration-ms="26" status="PASS">
          <reporter-output>
          </reporter-output>
        </test-method> <!-- beforeclass -->
        <test-method is-config="true" signature="beforeMethod()[pri:0, instance:com.ng.stepdef.TestNg@600b90df]" started-at="2022-11-10T09:05:36Z" name="beforeMethod" finished-at="2022-11-10T09:05:36Z" duration-ms="2" status="PASS">
          <reporter-output>
          </reporter-output>
        </test-method> <!-- beforeMethod -->
        <test-method signature="test1(java.lang.String)[pri:1, instance:com.ng.stepdef.TestNg@600b90df]" started-at="2022-11-10T09:05:36Z" name="test1" data-provider="prem" finished-at="2022-11-10T09:07:17Z" duration-ms="101271" status="PASS">
          <params>
            <param index="0">
              <value>
                <![CDATA[hello]]>
              </value>
            </param>
          </params>
          <reporter-output>
          </reporter-output>
        </test-method> <!-- test1 -->
        <test-method is-config="true" signature="afterMethod()[pri:0, instance:com.ng.stepdef.TestNg@600b90df]" started-at="2022-11-10T09:07:17Z" name="afterMethod" finished-at="2022-11-10T09:07:17Z" duration-ms="1" status="PASS">
          <reporter-output>
          </reporter-output>
        </test-method> <!-- afterMethod -->
        <test-method signature="test2()[pri:2, instance:com.ng.stepdef.TestNg@600b90df]" started-at="2022-11-10T09:07:17Z" name="test2" finished-at="2022-11-10T09:07:26Z" duration-ms="8582" status="PASS">
          <reporter-output>
          </reporter-output>
        </test-method> <!-- test2 -->
        <test-method is-config="true" signature="beforeMethod()[pri:0, instance:com.ng.stepdef.TestNg@600b90df]" started-at="2022-11-10T09:07:17Z" name="beforeMethod" finished-at="2022-11-10T09:07:17Z" duration-ms="0" status="PASS">
          <reporter-output>
          </reporter-output>
        </test-method> <!-- beforeMethod -->
        <test-method is-config="true" signature="afterMethod()[pri:0, instance:com.ng.stepdef.TestNg@600b90df]" started-at="2022-11-10T09:07:26Z" name="afterMethod" finished-at="2022-11-10T09:07:26Z" duration-ms="1" status="PASS">
          <reporter-output>
          </reporter-output>
        </test-method> <!-- afterMethod -->
        <test-method is-config="true" signature="beforeMethod()[pri:0, instance:com.ng.stepdef.TestNg@600b90df]" started-at="2022-11-10T09:07:26Z" name="beforeMethod" finished-at="2022-11-10T09:07:26Z" duration-ms="1" status="PASS">
          <reporter-output>
          </reporter-output>
        </test-method> <!-- beforeMethod -->
        <test-method signature="test3()[pri:3, instance:com.ng.stepdef.TestNg@600b90df]" started-at="2022-11-10T09:07:26Z" name="test3" finished-at="2022-11-10T09:07:35Z" duration-ms="9463" status="PASS">
          <reporter-output>
          </reporter-output>
        </test-method> <!-- test3 -->
        <test-method is-config="true" signature="afterMethod()[pri:0, instance:com.ng.stepdef.TestNg@600b90df]" started-at="2022-11-10T09:07:35Z" name="afterMethod" finished-at="2022-11-10T09:07:35Z" duration-ms="1" status="PASS">
          <reporter-output>
          </reporter-output>
        </test-method> <!-- afterMethod -->
        <test-method signature="test4()[pri:4, instance:com.ng.stepdef.TestNg@600b90df]" started-at="2022-11-10T09:07:35Z" name="test4" finished-at="2022-11-10T09:09:11Z" duration-ms="95508" status="PASS">
          <reporter-output>
          </reporter-output>
        </test-method> <!-- test4 -->
        <test-method is-config="true" signature="beforeMethod()[pri:0, instance:com.ng.stepdef.TestNg@600b90df]" started-at="2022-11-10T09:07:35Z" name="beforeMethod" finished-at="2022-11-10T09:07:35Z" duration-ms="0" status="PASS">
          <reporter-output>
          </reporter-output>
        </test-method> <!-- beforeMethod -->
        <test-method is-config="true" signature="afterMethod()[pri:0, instance:com.ng.stepdef.TestNg@600b90df]" started-at="2022-11-10T09:09:11Z" name="afterMethod" finished-at="2022-11-10T09:09:11Z" duration-ms="0" status="PASS">
          <reporter-output>
          </reporter-output>
        </test-method> <!-- afterMethod -->
        <test-method is-config="true" signature="afterclass()[pri:0, instance:com.ng.stepdef.TestNg@600b90df]" started-at="2022-11-10T09:09:11Z" name="afterclass" finished-at="2022-11-10T09:09:11Z" duration-ms="1" status="PASS">
          <reporter-output>
          </reporter-output>
        </test-method> <!-- afterclass -->
      </class> <!-- com.ng.stepdef.TestNg -->
    </test> <!-- Default test -->
  </suite> <!-- Default suite -->
</testng-results>
